-Xajruntimetarget:1.5
-1.4
-classpath
C:\Users\Vlad\.m2\repository\org\postgresql\postgresql\42.2.23\postgresql-42.2.23.jar;C:\Users\Vlad\.m2\repository\javax\persistence\javax.persistence-api\2.2\javax.persistence-api-2.2.jar;C:\Users\Vlad\.m2\repository\org\projectlombok\lombok\1.18.20\lombok-1.18.20.jar;C:\Users\Vlad\.m2\repository\com\zaxxer\HikariCP\5.0.0\HikariCP-5.0.0.jar;C:\Users\Vlad\.m2\repository\org\slf4j\slf4j-api\1.7.30\slf4j-api-1.7.30.jar;C:\Users\Vlad\.m2\repository\org\codehaus\mojo\aspectj-maven-plugin\1.14.0\aspectj-maven-plugin-1.14.0.jar;C:\Users\Vlad\.m2\repository\org\apache\maven\maven-plugin-api\3.3.9\maven-plugin-api-3.3.9.jar;C:\Users\Vlad\.m2\repository\org\apache\maven\maven-model\3.3.9\maven-model-3.3.9.jar;C:\Users\Vlad\.m2\repository\org\apache\maven\maven-artifact\3.3.9\maven-artifact-3.3.9.jar;C:\Users\Vlad\.m2\repository\org\eclipse\sisu\org.eclipse.sisu.plexus\0.3.2\org.eclipse.sisu.plexus-0.3.2.jar;C:\Users\Vlad\.m2\repository\javax\enterprise\cdi-api\1.0\cdi-api-1.0.jar;C:\Users\Vlad\.m2\repository\javax\annotation\jsr250-api\1.0\jsr250-api-1.0.jar;C:\Users\Vlad\.m2\repository\javax\inject\javax.inject\1\javax.inject-1.jar;C:\Users\Vlad\.m2\repository\org\eclipse\sisu\org.eclipse.sisu.inject\0.3.2\org.eclipse.sisu.inject-0.3.2.jar;C:\Users\Vlad\.m2\repository\org\codehaus\plexus\plexus-classworlds\2.5.2\plexus-classworlds-2.5.2.jar;C:\Users\Vlad\.m2\repository\org\apache\maven\reporting\maven-reporting-api\3.0\maven-reporting-api-3.0.jar;C:\Users\Vlad\.m2\repository\org\apache\maven\doxia\doxia-sink-api\1.10\doxia-sink-api-1.10.jar;C:\Users\Vlad\.m2\repository\org\apache\maven\doxia\doxia-logging-api\1.10\doxia-logging-api-1.10.jar;C:\Users\Vlad\.m2\repository\org\apache\maven\doxia\doxia-site-renderer\1.10\doxia-site-renderer-1.10.jar;C:\Users\Vlad\.m2\repository\org\apache\maven\doxia\doxia-core\1.10\doxia-core-1.10.jar;C:\Users\Vlad\.m2\repository\org\apache\commons\commons-text\1.3\commons-text-1.3.jar;C:\Users\Vlad\.m2\repository\org\apache\httpcomponents\httpclient\4.5.13\httpclient-4.5.13.jar;C:\Users\Vlad\.m2\repository\commons-codec\commons-codec\1.11\commons-codec-1.11.jar;C:\Users\Vlad\.m2\repository\org\apache\httpcomponents\httpcore\4.4.14\httpcore-4.4.14.jar;C:\Users\Vlad\.m2\repository\org\apache\maven\doxia\doxia-decoration-model\1.10\doxia-decoration-model-1.10.jar;C:\Users\Vlad\.m2\repository\org\apache\maven\doxia\doxia-skin-model\1.10\doxia-skin-model-1.10.jar;C:\Users\Vlad\.m2\repository\org\apache\maven\doxia\doxia-module-xhtml\1.10\doxia-module-xhtml-1.10.jar;C:\Users\Vlad\.m2\repository\org\apache\maven\doxia\doxia-module-xhtml5\1.10\doxia-module-xhtml5-1.10.jar;C:\Users\Vlad\.m2\repository\org\codehaus\plexus\plexus-component-annotations\2.0.0\plexus-component-annotations-2.0.0.jar;C:\Users\Vlad\.m2\repository\org\codehaus\plexus\plexus-i18n\1.0-beta-10\plexus-i18n-1.0-beta-10.jar;C:\Users\Vlad\.m2\repository\org\codehaus\plexus\plexus-container-default\1.0-alpha-30\plexus-container-default-1.0-alpha-30.jar;C:\Users\Vlad\.m2\repository\junit\junit\3.8.1\junit-3.8.1.jar;C:\Users\Vlad\.m2\repository\org\codehaus\plexus\plexus-velocity\1.2\plexus-velocity-1.2.jar;C:\Users\Vlad\.m2\repository\org\apache\velocity\velocity\1.7\velocity-1.7.jar;C:\Users\Vlad\.m2\repository\commons-lang\commons-lang\2.4\commons-lang-2.4.jar;C:\Users\Vlad\.m2\repository\org\apache\velocity\velocity-tools\2.0\velocity-tools-2.0.jar;C:\Users\Vlad\.m2\repository\commons-beanutils\commons-beanutils\1.7.0\commons-beanutils-1.7.0.jar;C:\Users\Vlad\.m2\repository\commons-digester\commons-digester\1.8\commons-digester-1.8.jar;C:\Users\Vlad\.m2\repository\commons-chain\commons-chain\1.1\commons-chain-1.1.jar;C:\Users\Vlad\.m2\repository\commons-logging\commons-logging\1.1\commons-logging-1.1.jar;C:\Users\Vlad\.m2\repository\dom4j\dom4j\1.1\dom4j-1.1.jar;C:\Users\Vlad\.m2\repository\oro\oro\2.0.8\oro-2.0.8.jar;C:\Users\Vlad\.m2\repository\commons-collections\commons-collections\3.2.2\commons-collections-3.2.2.jar;C:\Users\Vlad\.m2\repository\org\apache\commons\commons-lang3\3.8.1\commons-lang3-3.8.1.jar;C:\Users\Vlad\.m2\repository\org\apache\maven\reporting\maven-reporting-impl\3.0.0\maven-reporting-impl-3.0.0.jar;C:\Users\Vlad\.m2\repository\org\apache\maven\maven-core\3.0\maven-core-3.0.jar;C:\Users\Vlad\.m2\repository\org\apache\maven\maven-settings\3.0\maven-settings-3.0.jar;C:\Users\Vlad\.m2\repository\org\apache\maven\maven-settings-builder\3.0\maven-settings-builder-3.0.jar;C:\Users\Vlad\.m2\repository\org\apache\maven\maven-repository-metadata\3.0\maven-repository-metadata-3.0.jar;C:\Users\Vlad\.m2\repository\org\apache\maven\maven-model-builder\3.0\maven-model-builder-3.0.jar;C:\Users\Vlad\.m2\repository\org\sonatype\aether\aether-impl\1.7\aether-impl-1.7.jar;C:\Users\Vlad\.m2\repository\org\sonatype\aether\aether-spi\1.7\aether-spi-1.7.jar;C:\Users\Vlad\.m2\repository\org\sonatype\aether\aether-api\1.7\aether-api-1.7.jar;C:\Users\Vlad\.m2\repository\org\sonatype\aether\aether-util\1.7\aether-util-1.7.jar;C:\Users\Vlad\.m2\repository\org\sonatype\sisu\sisu-inject-plexus\1.4.2\sisu-inject-plexus-1.4.2.jar;C:\Users\Vlad\.m2\repository\org\sonatype\sisu\sisu-inject-bean\1.4.2\sisu-inject-bean-1.4.2.jar;C:\Users\Vlad\.m2\repository\org\sonatype\sisu\sisu-guice\2.1.7\sisu-guice-2.1.7-noaop.jar;C:\Users\Vlad\.m2\repository\org\codehaus\plexus\plexus-interpolation\1.14\plexus-interpolation-1.14.jar;C:\Users\Vlad\.m2\repository\org\sonatype\plexus\plexus-sec-dispatcher\1.3\plexus-sec-dispatcher-1.3.jar;C:\Users\Vlad\.m2\repository\org\sonatype\plexus\plexus-cipher\1.4\plexus-cipher-1.4.jar;C:\Users\Vlad\.m2\repository\org\apache\maven\shared\maven-shared-utils\3.2.0\maven-shared-utils-3.2.0.jar;C:\Users\Vlad\.m2\repository\commons-io\commons-io\2.5\commons-io-2.5.jar;C:\Users\Vlad\.m2\repository\org\codehaus\plexus\plexus-utils\3.3.0\plexus-utils-3.3.0.jar;C:\Users\Vlad\.jdks\corretto-1.8.0_312\jre\..\lib\tools.jar;C:\Users\Vlad\.m2\repository\org\aspectj\aspectjtools\1.9.7\aspectjtools-1.9.7.jar;C:\Users\Vlad\.m2\repository\com\fasterxml\jackson\core\jackson-databind\2.13.0\jackson-databind-2.13.0.jar;C:\Users\Vlad\.m2\repository\com\fasterxml\jackson\core\jackson-annotations\2.13.0\jackson-annotations-2.13.0.jar;C:\Users\Vlad\.m2\repository\com\fasterxml\jackson\core\jackson-core\2.13.0\jackson-core-2.13.0.jar;C:\Users\Vlad\.m2\repository\io\github\classgraph\classgraph\4.8.129\classgraph-4.8.129.jar;C:\Users\Vlad\IdeaProjects\PetProject\target\classes
-d
C:\Users\Vlad\IdeaProjects\PetProject\target\classes
-s
C:\Users\Vlad\IdeaProjects\PetProject\target\generated-sources\aspectj-maven-plugin
C:\Users\Vlad\IdeaProjects\PetProject\src\main\java\ua\petproject\annotations\AutoGeneratedValue.java
C:\Users\Vlad\IdeaProjects\PetProject\src\main\java\ua\petproject\annotations\Column.java
C:\Users\Vlad\IdeaProjects\PetProject\src\main\java\ua\petproject\annotations\CreateEntityTables.java
C:\Users\Vlad\IdeaProjects\PetProject\src\main\java\ua\petproject\annotations\DataTypeForFields.java
C:\Users\Vlad\IdeaProjects\PetProject\src\main\java\ua\petproject\annotations\Entity.java
C:\Users\Vlad\IdeaProjects\PetProject\src\main\java\ua\petproject\annotations\Id.java
C:\Users\Vlad\IdeaProjects\PetProject\src\main\java\ua\petproject\annotations\OneToAny.java
C:\Users\Vlad\IdeaProjects\PetProject\src\main\java\ua\petproject\annotations\SaveMethod.java
C:\Users\Vlad\IdeaProjects\PetProject\src\main\java\ua\petproject\annotations\Table.java
C:\Users\Vlad\IdeaProjects\PetProject\src\main\java\ua\petproject\entity\Archive.java
C:\Users\Vlad\IdeaProjects\PetProject\src\main\java\ua\petproject\entity\Customer.java
C:\Users\Vlad\IdeaProjects\PetProject\src\main\java\ua\petproject\entity\Report.java
C:\Users\Vlad\IdeaProjects\PetProject\src\main\java\ua\petproject\entity\Waiter.java
C:\Users\Vlad\IdeaProjects\PetProject\src\main\java\ua\petproject\impl\OneToOneOOP.java
C:\Users\Vlad\IdeaProjects\PetProject\src\main\java\ua\petproject\queries\SelectBuilder.java
C:\Users\Vlad\IdeaProjects\PetProject\src\main\java\ua\petproject\repository\Repository.java
C:\Users\Vlad\IdeaProjects\PetProject\src\main\java\ua\petproject\repository\RepositoryFactory.java
C:\Users\Vlad\IdeaProjects\PetProject\src\main\java\ua\petproject\repository\RepositoryImpl.java
C:\Users\Vlad\IdeaProjects\PetProject\src\main\java\ua\petproject\SuperHibernateApp.java
C:\Users\Vlad\IdeaProjects\PetProject\src\main\java\ua\petproject\util\DataBaseConnection.java
C:\Users\Vlad\IdeaProjects\PetProject\src\main\java\ua\petproject\util\PropertiesLoader.java
